<?xml version="1.0" encoding="UTF-8"?>
<testng-results skipped="0" failed="0" total="1" passed="1">
  <reporter-output>
  </reporter-output>
  <suite name="Suite" duration-ms="2699" started-at="2022-11-05T12:16:41Z" finished-at="2022-11-05T12:16:44Z">
    <groups>
    </groups>
    <test name="Test" duration-ms="2699" started-at="2022-11-05T12:16:41Z" finished-at="2022-11-05T12:16:44Z">
      <class name="com.example.demo.PracticeProject.AppTest">
        <test-method status="PASS" signature="test()[pri:0, instance:com.example.demo.PracticeProject.AppTest@49c43f4e]" name="test" duration-ms="2688" started-at="2022-11-05T17:46:41Z" finished-at="2022-11-05T17:46:44Z">
          <reporter-output>
          </reporter-output>
        </test-method> <!-- test -->
      </class> <!-- com.example.demo.PracticeProject.AppTest -->
    </test> <!-- Test -->
  </suite> <!-- Suite -->
</testng-results>
